<?xml version="1.0" encoding="utf-8"?><testsuites name="pytest tests"><testsuite name="pytest" errors="0" failures="0" skipped="0" tests="14" time="5.426" timestamp="2026-06-18T12:22:22.432189+00:00" hostname="agent-env-0ab3436d-942f-4316-a835-c007d6963edc"><testcase classname="backend.tests.backend_test" name="test_root" time="0.338" /><testcase classname="backend.tests.backend_test" name="test_login_wrong_password" time="0.528" /><testcase classname="backend.tests.backend_test" name="test_login_invalid_email_format" time="0.159" /><testcase classname="backend.tests.backend_test" name="test_auth_me_no_token" time="0.147" /><testcase classname="backend.tests.backend_test" name="test_auth_me_with_token" time="0.714" /><testcase classname="backend.tests.backend_test" name="test_create_booking_public" time="0.178" /><testcase classname="backend.tests.backend_test" name="test_create_booking_with_annat" time="0.215" /><testcase classname="backend.tests.backend_test" name="test_create_booking_missing_required" time="0.201" /><testcase classname="backend.tests.backend_test" name="test_list_bookings_no_auth" time="0.191" /><testcase classname="backend.tests.backend_test" name="test_list_bookings_invalid_token" time="0.205" /><testcase classname="backend.tests.backend_test" name="test_list_bookings_admin" time="0.203" /><testcase classname="backend.tests.backend_test" name="test_full_booking_lifecycle" time="1.151" /><testcase classname="backend.tests.backend_test" name="test_update_status_invalid_id" time="0.179" /><testcase classname="backend.tests.backend_test" name="test_cleanup_test_bookings" time="0.575" /></testsuite></testsuites>