<?xml version="1.0" encoding="utf-8"?><testsuites name="pytest tests"><testsuite name="pytest" errors="0" failures="1" skipped="0" tests="14" time="4.957" timestamp="2026-06-18T11:50:38.960708+00:00" hostname="agent-env-0ab3436d-942f-4316-a835-c007d6963edc"><testcase classname="backend.tests.backend_test" name="test_root" time="0.354" /><testcase classname="backend.tests.backend_test" name="test_login_wrong_password" time="0.577" /><testcase classname="backend.tests.backend_test" name="test_login_invalid_email_format" time="0.217" /><testcase classname="backend.tests.backend_test" name="test_auth_me_no_token" time="0.194" /><testcase classname="backend.tests.backend_test" name="test_auth_me_with_token" time="0.776" /><testcase classname="backend.tests.backend_test" name="test_create_booking_public" time="0.177" /><testcase classname="backend.tests.backend_test" name="test_create_booking_with_annat" time="0.187" /><testcase classname="backend.tests.backend_test" name="test_create_booking_missing_required" time="0.185" /><testcase classname="backend.tests.backend_test" name="test_list_bookings_no_auth" time="0.226" /><testcase classname="backend.tests.backend_test" name="test_list_bookings_invalid_token" time="0.184" /><testcase classname="backend.tests.backend_test" name="test_list_bookings_admin" time="0.177" /><testcase classname="backend.tests.backend_test" name="test_full_booking_lifecycle" time="0.600"><failure message="assert ([])">backend/tests/backend_test.py:135: in test_full_booking_lifecycle
    assert match and match[0]["status"] == "contacted"
E   assert ([])</failure></testcase><testcase classname="backend.tests.backend_test" name="test_update_status_invalid_id" time="0.220" /><testcase classname="backend.tests.backend_test" name="test_cleanup_test_bookings" time="0.168" /></testsuite></testsuites>